<?xml version="1.0" encoding="UTF-8"?>
<!-- Generated by org.testng.reporters.JUnitReportReporter -->
<testsuite skipped="0" hostname="DESKTOP-OJE6PRA" name="com.htc.test.LoginAutomation" tests="2" failures="0" timestamp="19 Nov 2017 15:57:22 GMT" time="1.325" errors="0">
  <testcase name="testSuccessLoginLogout" time="0.550" classname="com.htc.test.LoginAutomation"/>
  <testcase name="testSuccessLoginLogout" time="0.775" classname="com.htc.test.LoginAutomation"/>
</testsuite> <!-- com.htc.test.LoginAutomation -->
